<?xml version="1.0" encoding="UTF-8"?>
<coverage generated="1674570101655" clover="3.2.0">
  <project timestamp="1674570101655" name="All files">
    <metrics statements="28" coveredstatements="25" conditionals="13" coveredconditionals="11" methods="2" coveredmethods="2" elements="43" coveredelements="38" complexity="0" loc="28" ncloc="28" packages="1" files="1" classes="1"/>
    <file name="main.ts" path="C:\Users\nsoso\repos\NS.EcommerceSimple\src\main.ts">
      <metrics statements="28" coveredstatements="25" conditionals="13" coveredconditionals="11" methods="2" coveredmethods="2"/>
      <line num="3" count="1" type="stmt"/>
      <line num="5" count="19" type="cond" truecount="2" falsecount="0"/>
      <line num="6" count="18" type="cond" truecount="1" falsecount="0"/>
      <line num="7" count="17" type="cond" truecount="3" falsecount="1"/>
      <line num="9" count="17" type="stmt"/>
      <line num="15" count="124" type="cond" truecount="2" falsecount="0"/>
      <line num="16" count="7" type="stmt"/>
      <line num="21" count="7" type="stmt"/>
      <line num="22" count="7" type="stmt"/>
      <line num="24" count="7" type="stmt"/>
      <line num="29" count="55" type="stmt"/>
      <line num="30" count="55" type="stmt"/>
      <line num="32" count="55" type="stmt"/>
      <line num="36" count="7" type="stmt"/>
      <line num="38" count="7" type="cond" truecount="1" falsecount="1"/>
      <line num="39" count="7" type="stmt"/>
      <line num="40" count="7" type="stmt"/>
      <line num="41" count="7" type="cond" truecount="2" falsecount="0"/>
      <line num="42" count="2" type="stmt"/>
      <line num="44" count="5" type="stmt"/>
      <line num="46" count="7" type="stmt"/>
      <line num="47" count="7" type="stmt"/>
      <line num="48" count="7" type="stmt"/>
      <line num="50" count="0" type="stmt"/>
      <line num="52" count="0" type="stmt"/>
      <line num="54" count="10" type="stmt"/>
      <line num="56" count="0" type="stmt"/>
      <line num="60" count="1" type="stmt"/>
    </file>
  </project>
</coverage>
