{"C:\\Users\\nsoso\\repos\\NS.EcommerceSimple\\src\\main.ts": {"path":"C:\\Users\\nsoso\\repos\\NS.EcommerceSimple\\src\\main.ts","statementMap":{"0":{"start":{"line":5,"column":1},"end":{"line":60,"column":21}},"1":{"start":{"line":6,"column":8},"end":{"line":57,"column":null}},"2":{"start":{"line":7,"column":12},"end":{"line":56,"column":31}},"3":{"start":{"line":9,"column":16},"end":{"line":13,"column":37}},"4":{"start":{"line":15,"column":16},"end":{"line":54,"column":null}},"5":{"start":{"line":15,"column":46},"end":{"line":15,"column":58}},"6":{"start":{"line":16,"column":20},"end":{"line":53,"column":null}},"7":{"start":{"line":21,"column":24},"end":{"line":21,"column":36}},"8":{"start":{"line":22,"column":24},"end":{"line":22,"column":45}},"9":{"start":{"line":24,"column":24},"end":{"line":34,"column":26}},"10":{"start":{"line":24,"column":42},"end":{"line":24,"column":43}},"11":{"start":{"line":29,"column":32},"end":{"line":29,"column":84}},"12":{"start":{"line":30,"column":32},"end":{"line":30,"column":67}},"13":{"start":{"line":32,"column":32},"end":{"line":32,"column":67}},"14":{"start":{"line":36,"column":24},"end":{"line":36,"column":41}},"15":{"start":{"line":38,"column":24},"end":{"line":38,"column":63}},"16":{"start":{"line":39,"column":24},"end":{"line":39,"column":38}},"17":{"start":{"line":40,"column":24},"end":{"line":40,"column":41}},"18":{"start":{"line":41,"column":24},"end":{"line":44,"column":44}},"19":{"start":{"line":42,"column":28},"end":{"line":42,"column":36}},"20":{"start":{"line":44,"column":28},"end":{"line":44,"column":44}},"21":{"start":{"line":46,"column":46},"end":{"line":46,"column":85}},"22":{"start":{"line":47,"column":24},"end":{"line":47,"column":57}},"23":{"start":{"line":48,"column":24},"end":{"line":48,"column":57}},"24":{"start":{"line":50,"column":24},"end":{"line":50,"column":50}},"25":{"start":{"line":52,"column":24},"end":{"line":52,"column":37}},"26":{"start":{"line":54,"column":23},"end":{"line":54,"column":null}},"27":{"start":{"line":56,"column":18},"end":{"line":56,"column":31}},"28":{"start":{"line":60,"column":8},"end":{"line":60,"column":21}},"29":{"start":{"line":3,"column":0},"end":{"line":3,"column":16}}},"fnMap":{"0":{"name":"validate","decl":{"start":{"line":3,"column":16},"end":{"line":3,"column":24}},"loc":{"start":{"line":3,"column":29},"end":{"line":62,"column":1}}},"1":{"name":"(anonymous_1)","decl":{"start":{"line":15,"column":41},"end":{"line":15,"column":42}},"loc":{"start":{"line":15,"column":46},"end":{"line":15,"column":58}}}},"branchMap":{"0":{"loc":{"start":{"line":5,"column":1},"end":{"line":60,"column":21}},"type":"if","locations":[{"start":{"line":5,"column":1},"end":{"line":60,"column":21}},{"start":{"line":60,"column":8},"end":{"line":60,"column":21}}]},"1":{"loc":{"start":{"line":6,"column":8},"end":{"line":57,"column":null}},"type":"if","locations":[{"start":{"line":6,"column":8},"end":{"line":57,"column":null}}]},"2":{"loc":{"start":{"line":7,"column":12},"end":{"line":56,"column":31}},"type":"if","locations":[{"start":{"line":7,"column":12},"end":{"line":56,"column":31}},{"start":{"line":56,"column":18},"end":{"line":56,"column":31}}]},"3":{"loc":{"start":{"line":7,"column":16},"end":{"line":7,"column":52}},"type":"binary-expr","locations":[{"start":{"line":7,"column":16},"end":{"line":7,"column":32}},{"start":{"line":7,"column":36},"end":{"line":7,"column":52}}]},"4":{"loc":{"start":{"line":15,"column":16},"end":{"line":54,"column":null}},"type":"if","locations":[{"start":{"line":15,"column":16},"end":{"line":54,"column":null}},{"start":{"line":54,"column":23},"end":{"line":54,"column":null}}]},"5":{"loc":{"start":{"line":38,"column":30},"end":{"line":38,"column":62}},"type":"cond-expr","locations":[{"start":{"line":38,"column":43},"end":{"line":38,"column":50}},{"start":{"line":38,"column":53},"end":{"line":38,"column":62}}]},"6":{"loc":{"start":{"line":41,"column":24},"end":{"line":44,"column":44}},"type":"if","locations":[{"start":{"line":41,"column":24},"end":{"line":44,"column":44}},{"start":{"line":44,"column":28},"end":{"line":44,"column":44}}]}},"s":{"0":19,"1":18,"2":17,"3":17,"4":17,"5":124,"6":7,"7":7,"8":7,"9":7,"10":7,"11":55,"12":55,"13":55,"14":7,"15":7,"16":7,"17":7,"18":7,"19":2,"20":5,"21":7,"22":7,"23":7,"24":0,"25":0,"26":10,"27":0,"28":1,"29":1},"f":{"0":19,"1":124},"b":{"0":[18,1],"1":[17],"2":[17,0],"3":[17,1],"4":[7,10],"5":[0,7],"6":[2,5]}}
}
