TN:
SF:src\main.ts
FN:3,validate
FN:15,(anonymous_1)
FNF:2
FNH:2
FNDA:19,validate
FNDA:124,(anonymous_1)
DA:3,1
DA:5,19
DA:6,18
DA:7,17
DA:9,17
DA:15,124
DA:16,7
DA:21,7
DA:22,7
DA:24,7
DA:29,55
DA:30,55
DA:32,55
DA:36,7
DA:38,7
DA:39,7
DA:40,7
DA:41,7
DA:42,2
DA:44,5
DA:46,7
DA:47,7
DA:48,7
DA:50,0
DA:52,0
DA:54,10
DA:56,0
DA:60,1
LF:28
LH:25
BRDA:5,0,0,18
BRDA:5,0,1,1
BRDA:6,1,0,17
BRDA:7,2,0,17
BRDA:7,2,1,0
BRDA:7,3,0,17
BRDA:7,3,1,1
BRDA:15,4,0,7
BRDA:15,4,1,10
BRDA:38,5,0,0
BRDA:38,5,1,7
BRDA:41,6,0,2
BRDA:41,6,1,5
BRF:13
BRH:11
end_of_record
